<?xml version="1.0" encoding="UTF-8"?>
<testng-results skipped="0" failed="1" total="1" passed="0">
  <reporter-output>
  </reporter-output>
  <suite name="Suite" duration-ms="34557" started-at="2016-10-06T04:41:48Z" finished-at="2016-10-06T04:42:22Z">
    <groups>
    </groups>
    <test name="Windows 8.1, Chrome 53.0.2785.116" duration-ms="34557" started-at="2016-10-06T04:41:48Z" finished-at="2016-10-06T04:42:22Z">
      <class name="com.globalchk.tests.LoginTestAdmin">
        <test-method status="PASS" signature="setUp()[pri:0, instance:com.globalchk.tests.LoginTestAdmin@1a968a59]" name="setUp" is-config="true" duration-ms="33074" started-at="2016-10-06T10:11:48Z" finished-at="2016-10-06T10:12:21Z">
          <reporter-output>
          </reporter-output>
        </test-method> <!-- setUp -->
        <test-method status="FAIL" signature="loginTest()[pri:0, instance:com.globalchk.tests.LoginTestAdmin@1a968a59]" name="loginTest" duration-ms="1438" started-at="2016-10-06T10:12:21Z" finished-at="2016-10-06T10:12:22Z">
          <exception class="java.lang.AssertionError">
            <message>
              <![CDATA[expected [true] but found [false]]]>
            </message>
            <full-stacktrace>
              <![CDATA[java.lang.AssertionError: expected [true] but found [false]
	at org.testng.Assert.fail(Assert.java:94)
	at org.testng.Assert.failNotEquals(Assert.java:513)
	at org.testng.Assert.assertTrue(Assert.java:42)
	at org.testng.Assert.assertTrue(Assert.java:52)
	at com.globchk.pages.HomePageAdmin.verifyHomePage(HomePageAdmin.java:24)
	at com.globalchk.tests.LoginTestAdmin.loginTest(LoginTestAdmin.java:16)
	at sun.reflect.NativeMethodAccessorImpl.invoke0(Native Method)
	at sun.reflect.NativeMethodAccessorImpl.invoke(Unknown Source)
	at sun.reflect.DelegatingMethodAccessorImpl.invoke(Unknown Source)
	at java.lang.reflect.Method.invoke(Unknown Source)
	at org.testng.internal.MethodInvocationHelper.invokeMethod(MethodInvocationHelper.java:100)
	at org.testng.internal.Invoker.invokeMethod(Invoker.java:646)
	at org.testng.internal.Invoker.invokeTestMethod(Invoker.java:811)
	at org.testng.internal.Invoker.invokeTestMethods(Invoker.java:1129)
	at org.testng.internal.TestMethodWorker.invokeTestMethods(TestMethodWorker.java:129)
	at org.testng.internal.TestMethodWorker.run(TestMethodWorker.java:112)
	at java.util.concurrent.ThreadPoolExecutor.runWorker(Unknown Source)
	at java.util.concurrent.ThreadPoolExecutor$Worker.run(Unknown Source)
	at java.lang.Thread.run(Unknown Source)
]]>
            </full-stacktrace>
          </exception> <!-- java.lang.AssertionError -->
          <reporter-output>
          </reporter-output>
        </test-method> <!-- loginTest -->
        <test-method status="PASS" signature="destory()[pri:0, instance:com.globalchk.tests.LoginTestAdmin@1a968a59]" name="destory" is-config="true" duration-ms="0" started-at="2016-10-06T10:12:22Z" finished-at="2016-10-06T10:12:22Z">
          <reporter-output>
          </reporter-output>
        </test-method> <!-- destory -->
      </class> <!-- com.globalchk.tests.LoginTestAdmin -->
    </test> <!-- Windows 8.1, Chrome 53.0.2785.116 -->
  </suite> <!-- Suite -->
</testng-results>
